2024-06-16T18:55:53.418+05:30  INFO 11416 --- [RestApi_01] [main] c.s.RestApi_01.RestApi01Application      : Starting RestApi01Application using Java 17.0.7 with PID 11416 (C:\Users\shubhu rajput\OneDrive\Desktop\IntelliJ_Project\RestApi_01\target\classes started by shubhu rajput in C:\Users\shubhu rajput\OneDrive\Desktop\IntelliJ_Project\RestApi_01)
2024-06-16T18:55:53.423+05:30  INFO 11416 --- [RestApi_01] [main] c.s.RestApi_01.RestApi01Application      : No active profile set, falling back to 1 default profile: "default"
2024-06-16T18:55:54.801+05:30  INFO 11416 --- [RestApi_01] [main] .s.d.r.c.RepositoryConfigurationDelegate : Bootstrapping Spring Data JPA repositories in DEFAULT mode.
2024-06-16T18:55:54.907+05:30  INFO 11416 --- [RestApi_01] [main] .s.d.r.c.RepositoryConfigurationDelegate : Finished Spring Data repository scanning in 91 ms. Found 1 JPA repository interface.
2024-06-16T18:55:56.066+05:30  INFO 11416 --- [RestApi_01] [main] o.s.b.w.embedded.tomcat.TomcatWebServer  : Tomcat initialized with port 8080 (http)
2024-06-16T18:55:56.086+05:30  INFO 11416 --- [RestApi_01] [main] o.apache.catalina.core.StandardService   : Starting service [Tomcat]
2024-06-16T18:55:56.087+05:30  INFO 11416 --- [RestApi_01] [main] o.apache.catalina.core.StandardEngine    : Starting Servlet engine: [Apache Tomcat/10.1.24]
2024-06-16T18:55:56.235+05:30  INFO 11416 --- [RestApi_01] [main] o.a.c.c.C.[Tomcat].[localhost].[/]       : Initializing Spring embedded WebApplicationContext
2024-06-16T18:55:56.235+05:30  INFO 11416 --- [RestApi_01] [main] w.s.c.ServletWebServerApplicationContext : Root WebApplicationContext: initialization completed in 2681 ms
2024-06-16T18:55:56.508+05:30  INFO 11416 --- [RestApi_01] [main] o.hibernate.jpa.internal.util.LogHelper  : HHH000204: Processing PersistenceUnitInfo [name: default]
2024-06-16T18:55:56.601+05:30  INFO 11416 --- [RestApi_01] [main] org.hibernate.Version                    : HHH000412: Hibernate ORM core version 6.5.2.Final
2024-06-16T18:55:56.656+05:30  INFO 11416 --- [RestApi_01] [main] o.h.c.internal.RegionFactoryInitiator    : HHH000026: Second-level cache disabled
2024-06-16T18:55:57.198+05:30  INFO 11416 --- [RestApi_01] [main] o.s.o.j.p.SpringPersistenceUnitInfo      : No LoadTimeWeaver setup: ignoring JPA class transformer
2024-06-16T18:55:57.245+05:30  INFO 11416 --- [RestApi_01] [main] com.zaxxer.hikari.HikariDataSource       : HikariPool-1 - Starting...
2024-06-16T18:55:57.761+05:30  INFO 11416 --- [RestApi_01] [main] com.zaxxer.hikari.pool.HikariPool        : HikariPool-1 - Added connection com.mysql.cj.jdbc.ConnectionImpl@2bb0e277
2024-06-16T18:55:57.764+05:30  INFO 11416 --- [RestApi_01] [main] com.zaxxer.hikari.HikariDataSource       : HikariPool-1 - Start completed.
2024-06-16T18:55:57.931+05:30  WARN 11416 --- [RestApi_01] [main] org.hibernate.orm.deprecation            : HHH90000025: MySQL8Dialect does not need to be specified explicitly using 'hibernate.dialect' (remove the property setting and it will be selected by default)
2024-06-16T18:55:57.932+05:30  WARN 11416 --- [RestApi_01] [main] org.hibernate.orm.deprecation            : HHH90000026: MySQL8Dialect has been deprecated; use org.hibernate.dialect.MySQLDialect instead
2024-06-16T18:55:59.358+05:30  INFO 11416 --- [RestApi_01] [main] o.h.e.t.j.p.i.JtaPlatformInitiator       : HHH000489: No JTA platform available (set 'hibernate.transaction.jta.platform' to enable JTA platform integration)
2024-06-16T18:55:59.427+05:30  INFO 11416 --- [RestApi_01] [main] j.LocalContainerEntityManagerFactoryBean : Initialized JPA EntityManagerFactory for persistence unit 'default'
2024-06-16T18:55:59.825+05:30  WARN 11416 --- [RestApi_01] [main] JpaBaseConfiguration$JpaWebConfiguration : spring.jpa.open-in-view is enabled by default. Therefore, database queries may be performed during view rendering. Explicitly configure spring.jpa.open-in-view to disable this warning
2024-06-16T18:56:00.400+05:30  INFO 11416 --- [RestApi_01] [main] o.s.b.w.embedded.tomcat.TomcatWebServer  : Tomcat started on port 8080 (http) with context path '/'
2024-06-16T18:56:00.414+05:30  INFO 11416 --- [RestApi_01] [main] c.s.RestApi_01.RestApi01Application      : Started RestApi01Application in 7.741 seconds (process running for 8.546)
2024-06-16T18:56:57.075+05:30  INFO 11416 --- [RestApi_01] [http-nio-8080-exec-1] o.a.c.c.C.[Tomcat].[localhost].[/]       : Initializing Spring DispatcherServlet 'dispatcherServlet'
2024-06-16T18:56:57.078+05:30  INFO 11416 --- [RestApi_01] [http-nio-8080-exec-1] o.s.web.servlet.DispatcherServlet        : Initializing Servlet 'dispatcherServlet'
2024-06-16T18:56:57.080+05:30  INFO 11416 --- [RestApi_01] [http-nio-8080-exec-1] o.s.web.servlet.DispatcherServlet        : Completed initialization in 1 ms
2024-06-16T18:56:57.132+05:30  WARN 11416 --- [RestApi_01] [http-nio-8080-exec-1] .w.s.m.s.DefaultHandlerExceptionResolver : Resolved [org.springframework.web.HttpRequestMethodNotSupportedException: Request method 'POST' is not supported]
2024-06-16T18:57:03.345+05:30  INFO 11416 --- [RestApi_01] [http-nio-8080-exec-2] c.s.R.controller.UserController          : Entering the req for Update user data 6
2024-06-16T18:57:03.345+05:30  INFO 11416 --- [RestApi_01] [http-nio-8080-exec-2] c.s.R.service.impl.UserServiceImpl       : Initialing the dao call for the update user data6
2024-06-16T18:57:05.169+05:30  INFO 11416 --- [RestApi_01] [http-nio-8080-exec-2] c.s.R.service.impl.UserServiceImpl       : complete the dao call for save the data6
2024-06-16T18:57:05.170+05:30  INFO 11416 --- [RestApi_01] [http-nio-8080-exec-2] c.s.R.controller.UserController          : Complete the req for Update user data 6
2024-06-16T18:57:16.668+05:30  INFO 11416 --- [RestApi_01] [SpringApplicationShutdownHook] j.LocalContainerEntityManagerFactoryBean : Closing JPA EntityManagerFactory for persistence unit 'default'
2024-06-16T18:57:16.671+05:30  INFO 11416 --- [RestApi_01] [SpringApplicationShutdownHook] com.zaxxer.hikari.HikariDataSource       : HikariPool-1 - Shutdown initiated...
2024-06-16T18:57:16.682+05:30  INFO 11416 --- [RestApi_01] [SpringApplicationShutdownHook] com.zaxxer.hikari.HikariDataSource       : HikariPool-1 - Shutdown completed.
